"../../../Engine/Content/EditorBlueprintResources/StandardMacros.uasset" 0
"../../../../../../Users/racar/OneDrive/Documents/GitHub/Sequencer171/Slimy World/Content/ThirdPersonBP/Blueprints/AI/Slimey_BB.uasset" 1
"../../../../../../Users/racar/OneDrive/Documents/GitHub/Sequencer171/Slimy World/Content/ThirdPersonBP/Blueprints/AI/FindBall.uasset" 2
"../../../../../../Users/racar/OneDrive/Documents/GitHub/Sequencer171/Slimy World/Content/ThirdPersonBP/Blueprints/AI/FindPlayerLocation.uasset" 3
"../../../../../../Users/racar/OneDrive/Documents/GitHub/Sequencer171/Slimy World/Content/ThirdPersonBP/Blueprints/AI/FindRandomPoint.uasset" 4
"../../../../../../Users/racar/OneDrive/Documents/GitHub/Sequencer171/Slimy World/Content/ThirdPersonBP/Blueprints/AI/FinishMoveToSlime.uasset" 5
"../../../../../../Users/racar/OneDrive/Documents/GitHub/Sequencer171/Slimy World/Content/ThirdPersonBP/Blueprints/AI/Slimey_BT.uasset" 6
"../../../../../../Users/racar/OneDrive/Documents/GitHub/Sequencer171/Slimy World/Content/ThirdPersonBP/Blueprints/AI/Slimey_Controller.uasset" 7
"../../../../../../Users/racar/OneDrive/Documents/GitHub/Sequencer171/Slimy World/Content/ThirdPersonBP/Blueprints/AI2/WeakSlime_BB.uasset" 8
"../../../../../../Users/racar/OneDrive/Documents/GitHub/Sequencer171/Slimy World/Content/ThirdPersonBP/Blueprints/AI2/WeakSlime_BT.uasset" 9
"../../../../../../Users/racar/OneDrive/Documents/GitHub/Sequencer171/Slimy World/Content/ThirdPersonBP/Blueprints/AI2/WeakSlimeController.uasset" 10
"../../../../../../Users/racar/OneDrive/Documents/GitHub/Sequencer171/Slimy World/Content/SlimeyMaterials/Purple.uasset" 11
"../../../../../../Users/racar/OneDrive/Documents/GitHub/Sequencer171/Slimy World/Content/SlimeyMaterials/SlimeChar.uasset" 12
"../../../../../../Users/racar/OneDrive/Documents/GitHub/Sequencer171/Slimy World/Content/SlimeyMaterials/SlimeChar1.uasset" 13
"../../../../../../Users/racar/OneDrive/Documents/GitHub/Sequencer171/Slimy World/Content/SlimeyMaterials/SlimeChar5.uasset" 14
"../../../Engine/Content/Functions/Engine_MaterialFunctions01/Opacity/CameraDepthFade.uasset" 15
"../../../Engine/Content/EngineMaterials/T_Default_Material_Grid_M.uasset" 16
"../../../Engine/Content/EngineMaterials/T_Default_Material_Grid_N.uasset" 17
"../../../Engine/Content/EngineMaterials/WorldGridMaterial.uasset" 18
"../../../../../../Users/racar/OneDrive/Documents/GitHub/Sequencer171/Slimy World/Content/BlenderModels/SlimeModel1.uasset" 19
"../../../../../../Users/racar/OneDrive/Documents/GitHub/Sequencer171/Slimy World/Content/Bouncy/aud_chomp.uasset" 20
"../../../../../../Users/racar/OneDrive/Documents/GitHub/Sequencer171/Slimy World/Content/Bouncy/aud_chomp_Cue.uasset" 21
"../../../../../../Users/racar/OneDrive/Documents/GitHub/Sequencer171/Slimy World/Content/Bouncy/Chomp2.uasset" 22
"../../../../../../Users/racar/OneDrive/Documents/GitHub/Sequencer171/Slimy World/Content/Sounds/zapsplat_cartoon_boing_ascend_jaw_harp_004_24202.uasset" 23
"../../../../../../Users/racar/OneDrive/Documents/GitHub/Sequencer171/Slimy World/Content/Sounds/Boing.uasset" 24
"../../../../../../Users/racar/OneDrive/Documents/GitHub/Sequencer171/Slimy World/Content/Fonts/aAlloyInk.uasset" 25
"../../../../../../Users/racar/OneDrive/Documents/GitHub/Sequencer171/Slimy World/Content/Fonts/aAlloyInk_Font.uasset" 26
"../../../../../../Users/racar/OneDrive/Documents/GitHub/Sequencer171/Slimy World/Content/Sounds/zapsplat_multimedia_button_click_fast_plastic_49161__1_.uasset" 27
"../../../../../../Users/racar/OneDrive/Documents/GitHub/Sequencer171/Slimy World/Content/Sounds/Click.uasset" 28
"../../../../../../Users/racar/OneDrive/Documents/GitHub/Sequencer171/Slimy World/Content/Widgets/GameOver.uasset" 29
"../../../../../../Users/racar/OneDrive/Documents/GitHub/Sequencer171/Slimy World/Content/Widgets/PauseMenu.uasset" 30
"../../../Engine/Content/EngineMaterials/DefaultMaterial.uasset" 31
"../../../Engine/Content/BasicShapes/Sphere.uasset" 32
"../../../../../../Users/racar/OneDrive/Documents/GitHub/Sequencer171/Slimy World/Content/Projectile/SlimeBall.uasset" 33
"../../../../../../Users/racar/OneDrive/Documents/GitHub/Sequencer171/Slimy World/Content/Widgets/PlayerHud.uasset" 34
"../../../../../../Users/racar/OneDrive/Documents/GitHub/Sequencer171/Slimy World/Content/Widgets/Win.uasset" 35
"../../../../../../Users/racar/OneDrive/Documents/GitHub/Sequencer171/Slimy World/Content/ThirdPersonBP/Blueprints/SlimeCharacter.uasset" 36
"../../../../../../Users/racar/OneDrive/Documents/GitHub/Sequencer171/Slimy World/Content/ThirdPersonBP/Blueprints/AI2/SlimeModel2.uasset" 37
"../../../../../../Users/racar/OneDrive/Documents/GitHub/Sequencer171/Slimy World/Content/ThirdPersonBP/Blueprints/AI2/WeakSlime.uasset" 38
"../../../../../../Users/racar/OneDrive/Documents/GitHub/Sequencer171/Slimy World/Content/Materials/NewMaterial.uasset" 39
"../../../../../../Users/racar/OneDrive/Documents/GitHub/Sequencer171/Slimy World/Content/SlimeyMaterials/GreenSlime.uasset" 40
"../../../../../../Users/racar/OneDrive/Documents/GitHub/Sequencer171/Slimy World/Content/SlimeyMaterials/Yellow.uasset" 41
"../../../Engine/Content/BasicShapes/Cone.uasset" 42
"../../../../../../Users/racar/OneDrive/Documents/GitHub/Sequencer171/Slimy World/Content/ThirdPersonBP/Blueprints/AI/Slime.uasset" 43
"../../../../../../Users/racar/OneDrive/Documents/GitHub/Sequencer171/Slimy World/Content/Bouncy/NewPhysicalMaterial.uasset" 44
"../../../../../../Users/racar/OneDrive/Documents/GitHub/Sequencer171/Slimy World/Content/Bouncy/BouncyBall.uasset" 45
"../../../../../../Users/racar/OneDrive/Documents/GitHub/Sequencer171/Slimy World/Content/Actors/BouncyBall.uasset" 46
"../../../../../../Users/racar/OneDrive/Documents/GitHub/Sequencer171/Slimy World/Content/Bouncy/NewBlueprint.uasset" 47
"../../../../../../Users/racar/OneDrive/Documents/GitHub/Sequencer171/Slimy World/Content/SlimeyMaterials/SlimeySlime1.uasset" 48
"../../../../../../Users/racar/OneDrive/Documents/GitHub/Sequencer171/Slimy World/Content/Bouncy/Ball2.uasset" 49
"../../../../../../Users/racar/OneDrive/Documents/GitHub/Sequencer171/Slimy World/Content/Bouncy/NewBlueprint1.uasset" 50
"../../../../../../Users/racar/OneDrive/Documents/GitHub/Sequencer171/Slimy World/Content/Geometry/Meshes/CubeMaterial.uasset" 51
"../../../../../../Users/racar/OneDrive/Documents/GitHub/Sequencer171/Slimy World/Content/Geometry/Meshes/1M_Cube.uasset" 52
"../../../../../../Users/racar/OneDrive/Documents/GitHub/Sequencer171/Slimy World/Content/Geometry/Meshes/1M_Cube_Chamfer.uasset" 53
"../../../../../../Users/racar/OneDrive/Documents/GitHub/Sequencer171/Slimy World/Content/Geometry/Meshes/TemplateFloor.uasset" 54
"../../../../../../Users/racar/OneDrive/Documents/GitHub/Sequencer171/Slimy World/Content/Mannequin/Character/Mesh/UE4_Mannequin_Skeleton.uasset" 55
"../../../../../../Users/racar/OneDrive/Documents/GitHub/Sequencer171/Slimy World/Content/Mannequin/Animations/ThirdPersonJump_End.uasset" 56
"../../../../../../Users/racar/OneDrive/Documents/GitHub/Sequencer171/Slimy World/Content/SlimeyMaterials/Green1.uasset" 57
"../../../../../../Users/racar/OneDrive/Documents/GitHub/Sequencer171/Slimy World/Content/Materials/Green1.uasset" 58
"../../../../../../Users/racar/OneDrive/Documents/GitHub/Sequencer171/Slimy World/Content/Materials/InkFont.uasset" 59
"../../../../../../Users/racar/OneDrive/Documents/GitHub/Sequencer171/Slimy World/Content/Pictures/photo-1488928741225-2aaf732c96cc.uasset" 60
"../../../../../../Users/racar/OneDrive/Documents/GitHub/Sequencer171/Slimy World/Content/Sequencers/SlimeyWorldSequence.uasset" 61
"../../../../../../Users/racar/OneDrive/Documents/GitHub/Sequencer171/Slimy World/Content/SlimeyMaterials/MovingSlime.uasset" 62
"../../../../../../Users/racar/OneDrive/Documents/GitHub/Sequencer171/Slimy World/Content/SlimeyMaterials/SlimeChar1_Inst.uasset" 63
"../../../../../../Users/racar/OneDrive/Documents/GitHub/Sequencer171/Slimy World/Content/SlimeyMaterials/SlimeChar2.uasset" 64
"../../../../../../Users/racar/OneDrive/Documents/GitHub/Sequencer171/Slimy World/Content/SlimeyMaterials/SlimeChar3.uasset" 65
"../../../../../../Users/racar/OneDrive/Documents/GitHub/Sequencer171/Slimy World/Content/SlimeyMaterials/SlimeChar4.uasset" 66
"../../../../../../Users/racar/OneDrive/Documents/GitHub/Sequencer171/Slimy World/Content/SlimeyMaterials/SlimeySlime.uasset" 67
"../../../../../../Users/racar/OneDrive/Documents/GitHub/Sequencer171/Slimy World/Content/SlimeyMaterials/SlimeySlime2.uasset" 68
"../../../../../../Users/racar/OneDrive/Documents/GitHub/Sequencer171/Slimy World/Content/StarterContent/Materials/M_Basic_Wall.uasset" 69
"../../../../../../Users/racar/OneDrive/Documents/GitHub/Sequencer171/Slimy World/Content/StarterContent/Architecture/Pillar_50x500.uasset" 70
"../../../../../../Users/racar/OneDrive/Documents/GitHub/Sequencer171/Slimy World/Content/StarterContent/Architecture/Wall_400x300.uasset" 71
"../../../../../../Users/racar/OneDrive/Documents/GitHub/Sequencer171/Slimy World/Content/StarterContent/Architecture/Wall_400x400.uasset" 72
"../../../../../../Users/racar/OneDrive/Documents/GitHub/Sequencer171/Slimy World/Content/StarterContent/Architecture/Wall_500x500.uasset" 73
"../../../../../../Users/racar/OneDrive/Documents/GitHub/Sequencer171/Slimy World/Content/StarterContent/Architecture/Wall_Door_400x400.uasset" 74
"../../../../../../Users/racar/OneDrive/Documents/GitHub/Sequencer171/Slimy World/Content/StarterContent/Architecture/Wall_Window_400x400.uasset" 75
"../../../../../../Users/racar/OneDrive/Documents/GitHub/Sequencer171/Slimy World/Content/StarterContent/Audio/Collapse01.uasset" 76
"../../../../../../Users/racar/OneDrive/Documents/GitHub/Sequencer171/Slimy World/Content/StarterContent/Audio/Collapse02.uasset" 77
"../../../../../../Users/racar/OneDrive/Documents/GitHub/Sequencer171/Slimy World/Content/StarterContent/Audio/Explosion01.uasset" 78
"../../../../../../Users/racar/OneDrive/Documents/GitHub/Sequencer171/Slimy World/Content/StarterContent/Audio/Explosion02.uasset" 79
"../../../../../../Users/racar/OneDrive/Documents/GitHub/Sequencer171/Slimy World/Content/StarterContent/Audio/Fire01.uasset" 80
"../../../../../../Users/racar/OneDrive/Documents/GitHub/Sequencer171/Slimy World/Content/StarterContent/Audio/Fire_Sparks01.uasset" 81
"../../../../../../Users/racar/OneDrive/Documents/GitHub/Sequencer171/Slimy World/Content/StarterContent/Audio/Light01.uasset" 82
"../../../../../../Users/racar/OneDrive/Documents/GitHub/Sequencer171/Slimy World/Content/StarterContent/Audio/Light01_Cue.uasset" 83
"../../../../../../Users/racar/OneDrive/Documents/GitHub/Sequencer171/Slimy World/Content/StarterContent/Audio/Light02.uasset" 84
"../../../../../../Users/racar/OneDrive/Documents/GitHub/Sequencer171/Slimy World/Content/StarterContent/Audio/Light02_Cue.uasset" 85
"../../../../../../Users/racar/OneDrive/Documents/GitHub/Sequencer171/Slimy World/Content/StarterContent/Audio/Smoke01.uasset" 86
"../../../../../../Users/racar/OneDrive/Documents/GitHub/Sequencer171/Slimy World/Content/StarterContent/Audio/Starter_Birds01.uasset" 87
"../../../../../../Users/racar/OneDrive/Documents/GitHub/Sequencer171/Slimy World/Content/StarterContent/Audio/Starter_Music01.uasset" 88
"../../../../../../Users/racar/OneDrive/Documents/GitHub/Sequencer171/Slimy World/Content/StarterContent/Audio/Starter_Wind05.uasset" 89
"../../../../../../Users/racar/OneDrive/Documents/GitHub/Sequencer171/Slimy World/Content/StarterContent/Audio/Starter_Wind06.uasset" 90
"../../../../../../Users/racar/OneDrive/Documents/GitHub/Sequencer171/Slimy World/Content/StarterContent/Audio/Steam01.uasset" 91
"../../../../../../Users/racar/OneDrive/Documents/GitHub/Sequencer171/Slimy World/Content/StarterContent/Audio/Explosion_Cue.uasset" 92
"../../../../../../Users/racar/OneDrive/Documents/GitHub/Sequencer171/Slimy World/Content/StarterContent/Textures/T_Burst_M.uasset" 93
"../../../../../../Users/racar/OneDrive/Documents/GitHub/Sequencer171/Slimy World/Content/StarterContent/Particles/Materials/M_Burst.uasset" 94
"../../../../../../Users/racar/OneDrive/Documents/GitHub/Sequencer171/Slimy World/Content/StarterContent/Textures/T_Explosion_SubUV.uasset" 95
"../../../../../../Users/racar/OneDrive/Documents/GitHub/Sequencer171/Slimy World/Content/StarterContent/Particles/Materials/M_explosion_subUV.uasset" 96
"../../../../../../Users/racar/OneDrive/Documents/GitHub/Sequencer171/Slimy World/Content/StarterContent/Particles/Materials/m_flare_01.uasset" 97
"../../../Engine/Content/Functions/Engine_MaterialFunctions01/Gradient/RadialGradient.uasset" 98
"../../../../../../Users/racar/OneDrive/Documents/GitHub/Sequencer171/Slimy World/Content/StarterContent/Particles/Materials/M_radial_ramp.uasset" 99
"../../../../../../Users/racar/OneDrive/Documents/GitHub/Sequencer171/Slimy World/Content/StarterContent/Textures/T_Smoke_SubUV.uasset" 100
"../../../../../../Users/racar/OneDrive/Documents/GitHub/Sequencer171/Slimy World/Content/StarterContent/Textures/T_Smoke_Tiled_D.uasset" 101
"../../../../../../Users/racar/OneDrive/Documents/GitHub/Sequencer171/Slimy World/Content/StarterContent/Particles/Materials/M_smoke_subUV.uasset" 102
"../../../../../../Users/racar/OneDrive/Documents/GitHub/Sequencer171/Slimy World/Content/StarterContent/Particles/P_Explosion.uasset" 103
"../../../../../../Users/racar/OneDrive/Documents/GitHub/Sequencer171/Slimy World/Content/StarterContent/Blueprints/Blueprint_Effect_Explosion.uasset" 104
"../../../Engine/Content/EditorMeshes/ColorCalibrator/T_ColorGrid.uasset" 105
"../../../../../../Users/racar/OneDrive/Documents/GitHub/Sequencer171/Slimy World/Content/StarterContent/Materials/M_ColorGrid_LowSpec.uasset" 106
"../../../../../../Users/racar/OneDrive/Documents/GitHub/Sequencer171/Slimy World/Content/StarterContent/Textures/T_Bush_D.uasset" 107
"../../../../../../Users/racar/OneDrive/Documents/GitHub/Sequencer171/Slimy World/Content/StarterContent/Textures/T_Bush_N.uasset" 108
"../../../../../../Users/racar/OneDrive/Documents/GitHub/Sequencer171/Slimy World/Content/StarterContent/Props/Materials/M_Bush.uasset" 109
"../../../../../../Users/racar/OneDrive/Documents/GitHub/Sequencer171/Slimy World/Content/StarterContent/Props/SM_Bush.uasset" 110
"../../../../../../Users/racar/OneDrive/Documents/GitHub/Sequencer171/Slimy World/Content/StarterContent/Textures/T_Chair_M.uasset" 111
"../../../../../../Users/racar/OneDrive/Documents/GitHub/Sequencer171/Slimy World/Content/StarterContent/Textures/T_Chair_N.uasset" 112
"../../../../../../Users/racar/OneDrive/Documents/GitHub/Sequencer171/Slimy World/Content/StarterContent/Props/Materials/M_Chair.uasset" 113
"../../../../../../Users/racar/OneDrive/Documents/GitHub/Sequencer171/Slimy World/Content/StarterContent/Props/SM_Couch.uasset" 114
"../../../../../../Users/racar/OneDrive/Documents/GitHub/Sequencer171/Slimy World/Content/StarterContent/Materials/M_Glass.uasset" 115
"../../../../../../Users/racar/OneDrive/Documents/GitHub/Sequencer171/Slimy World/Content/StarterContent/Textures/T_Door_M.uasset" 116
"../../../../../../Users/racar/OneDrive/Documents/GitHub/Sequencer171/Slimy World/Content/StarterContent/Textures/T_Door_N.uasset" 117
"../../../../../../Users/racar/OneDrive/Documents/GitHub/Sequencer171/Slimy World/Content/StarterContent/Props/Materials/M_Door.uasset" 118
"../../../../../../Users/racar/OneDrive/Documents/GitHub/Sequencer171/Slimy World/Content/StarterContent/Props/SM_Door.uasset" 119
"../../../../../../Users/racar/OneDrive/Documents/GitHub/Sequencer171/Slimy World/Content/StarterContent/Props/Materials/M_MaterialSphere.uasset" 120
"../../../../../../Users/racar/OneDrive/Documents/GitHub/Sequencer171/Slimy World/Content/StarterContent/Props/Materials/M_MaterialSphere_Plain.uasset" 121
"../../../../../../Users/racar/OneDrive/Documents/GitHub/Sequencer171/Slimy World/Content/StarterContent/Props/SM_MatPreviewMesh_02.uasset" 122
"../../../Engine/Content/Functions/Engine_MaterialFunctions02/Utility/BlendAngleCorrectedNormals.uasset" 123
"../../../../../../Users/racar/OneDrive/Documents/GitHub/Sequencer171/Slimy World/Content/StarterContent/Textures/T_Detail_Rocky_N.uasset" 124
"../../../../../../Users/racar/OneDrive/Documents/GitHub/Sequencer171/Slimy World/Content/StarterContent/Textures/T_Rock_Basalt_D.uasset" 125
"../../../../../../Users/racar/OneDrive/Documents/GitHub/Sequencer171/Slimy World/Content/StarterContent/Textures/T_RockMesh_M.uasset" 126
"../../../../../../Users/racar/OneDrive/Documents/GitHub/Sequencer171/Slimy World/Content/StarterContent/Textures/T_RockMesh_N.uasset" 127
"../../../../../../Users/racar/OneDrive/Documents/GitHub/Sequencer171/Slimy World/Content/StarterContent/Props/Materials/M_Rock.uasset" 128
"../../../../../../Users/racar/OneDrive/Documents/GitHub/Sequencer171/Slimy World/Content/StarterContent/Props/SM_Rock.uasset" 129
"../../../../../../Users/racar/OneDrive/Documents/GitHub/Sequencer171/Slimy World/Content/StarterContent/Textures/T_Shelf_M.uasset" 130
"../../../../../../Users/racar/OneDrive/Documents/GitHub/Sequencer171/Slimy World/Content/StarterContent/Textures/T_Shelf_N.uasset" 131
"../../../../../../Users/racar/OneDrive/Documents/GitHub/Sequencer171/Slimy World/Content/StarterContent/Props/Materials/M_Shelf.uasset" 132
"../../../../../../Users/racar/OneDrive/Documents/GitHub/Sequencer171/Slimy World/Content/StarterContent/Props/SM_Shelf.uasset" 133
"../../../../../../Users/racar/OneDrive/Documents/GitHub/Sequencer171/Slimy World/Content/StarterContent/Materials/M_Basic_Floor.uasset" 134
"../../../../../../Users/racar/OneDrive/Documents/GitHub/Sequencer171/Slimy World/Content/StarterContent/Props/SM_Stairs.uasset" 135
"../../../../../../Users/racar/OneDrive/Documents/GitHub/Sequencer171/Slimy World/Content/StarterContent/Shapes/Shape_NarrowCapsule.uasset" 136
"../../../../../../Users/racar/OneDrive/Documents/GitHub/Sequencer171/Slimy World/Content/StarterContent/Shapes/Shape_Pipe.uasset" 137
"../../../../../../Users/racar/OneDrive/Documents/GitHub/Sequencer171/Slimy World/Content/StarterContent/Shapes/Shape_Pipe_180.uasset" 138
"../../../../../../Users/racar/OneDrive/Documents/GitHub/Sequencer171/Slimy World/Content/StarterContent/Shapes/Shape_Pipe_90.uasset" 139
"../../../../../../Users/racar/OneDrive/Documents/GitHub/Sequencer171/Slimy World/Content/StarterContent/Shapes/Shape_Plane.uasset" 140
"../../../../../../Users/racar/OneDrive/Documents/GitHub/Sequencer171/Slimy World/Content/StarterContent/Shapes/Shape_Torus.uasset" 141
"../../../../../../Users/racar/OneDrive/Documents/GitHub/Sequencer171/Slimy World/Content/StarterContent/Shapes/Shape_Trim.uasset" 142
"../../../../../../Users/racar/OneDrive/Documents/GitHub/Sequencer171/Slimy World/Content/StarterContent/Shapes/Shape_Trim_90_In.uasset" 143
"../../../../../../Users/racar/OneDrive/Documents/GitHub/Sequencer171/Slimy World/Content/StarterContent/Shapes/Shape_Trim_90_Out.uasset" 144
"../../../../../../Users/racar/OneDrive/Documents/GitHub/Sequencer171/Slimy World/Content/StarterContent/Shapes/Shape_TriPyramid.uasset" 145
"../../../../../../Users/racar/OneDrive/Documents/GitHub/Sequencer171/Slimy World/Content/StarterContent/Shapes/Shape_Tube.uasset" 146
"../../../../../../Users/racar/OneDrive/Documents/GitHub/Sequencer171/Slimy World/Content/StarterContent/Shapes/Shape_Wedge_A.uasset" 147
"../../../../../../Users/racar/OneDrive/Documents/GitHub/Sequencer171/Slimy World/Content/StarterContent/Shapes/Shape_Wedge_B.uasset" 148
"../../../../../../Users/racar/OneDrive/Documents/GitHub/Sequencer171/Slimy World/Content/StarterContent/Shapes/Shape_WideCapsule.uasset" 149
"../../../../../../Users/racar/OneDrive/Documents/GitHub/Sequencer171/Slimy World/Content/ThirdPerson/Meshes/RampMaterial.uasset" 150
"../../../../../../Users/racar/OneDrive/Documents/GitHub/Sequencer171/Slimy World/Content/ThirdPerson/Meshes/Bump_StaticMesh.uasset" 151
"../../../../../../Users/racar/OneDrive/Documents/GitHub/Sequencer171/Slimy World/Content/ThirdPerson/Meshes/LeftArm_StaticMesh.uasset" 152
"../../../../../../Users/racar/OneDrive/Documents/GitHub/Sequencer171/Slimy World/Content/ThirdPerson/Meshes/Linear_Stair_StaticMesh.uasset" 153
"../../../../../../Users/racar/OneDrive/Documents/GitHub/Sequencer171/Slimy World/Content/ThirdPerson/Meshes/Ramp_StaticMesh.uasset" 154
"../../../../../../Users/racar/OneDrive/Documents/GitHub/Sequencer171/Slimy World/Content/ThirdPerson/Meshes/RightArm_StaticMesh.uasset" 155
"../../../../../../Users/racar/OneDrive/Documents/GitHub/Sequencer171/Slimy World/Content/ThirdPersonBP/ThirdPersonOverview.uasset" 156
"../../../../../../Users/racar/OneDrive/Documents/GitHub/Sequencer171/Slimy World/Content/Mannequin/Animations/ThirdPerson_Jump.uasset" 157
"../../../../../../Users/racar/OneDrive/Documents/GitHub/Sequencer171/Slimy World/Content/Mannequin/Animations/ThirdPersonJump_Loop.uasset" 158
"../../../../../../Users/racar/OneDrive/Documents/GitHub/Sequencer171/Slimy World/Content/Mannequin/Animations/ThirdPersonJump_Start.uasset" 159
"../../../../../../Users/racar/OneDrive/Documents/GitHub/Sequencer171/Slimy World/Content/Mannequin/Animations/ThirdPersonIdle.uasset" 160
"../../../../../../Users/racar/OneDrive/Documents/GitHub/Sequencer171/Slimy World/Content/Mannequin/Animations/ThirdPersonRun.uasset" 161
"../../../../../../Users/racar/OneDrive/Documents/GitHub/Sequencer171/Slimy World/Content/Mannequin/Animations/ThirdPersonWalk.uasset" 162
"../../../../../../Users/racar/OneDrive/Documents/GitHub/Sequencer171/Slimy World/Content/Mannequin/Animations/ThirdPerson_IdleRun_2D.uasset" 163
"../../../../../../Users/racar/OneDrive/Documents/GitHub/Sequencer171/Slimy World/Content/Mannequin/Animations/ThirdPerson_AnimBP.uasset" 164
"../../../Engine/Content/Functions/MaterialLayerFunctions/MatLayerBlend_NormalBlend.uasset" 165
"../../../Engine/Content/Functions/MaterialLayerFunctions/MatLayerBlend_Simple.uasset" 166
"../../../../../../Users/racar/OneDrive/Documents/GitHub/Sequencer171/Slimy World/Content/Mannequin/Character/Materials/MaterialLayers/T_ML_Rubber_Blue_01_D.uasset" 167
"../../../../../../Users/racar/OneDrive/Documents/GitHub/Sequencer171/Slimy World/Content/Mannequin/Character/Materials/MaterialLayers/T_ML_Rubber_Blue_01_N.uasset" 168
"../../../../../../Users/racar/OneDrive/Documents/GitHub/Sequencer171/Slimy World/Content/Mannequin/Character/Materials/MaterialLayers/ML_GlossyBlack_Latex_UE4.uasset" 169
"../../../../../../Users/racar/OneDrive/Documents/GitHub/Sequencer171/Slimy World/Content/Mannequin/Character/Materials/MaterialLayers/ML_Plastic_Shiny_Beige.uasset" 170
"../../../../../../Users/racar/OneDrive/Documents/GitHub/Sequencer171/Slimy World/Content/Mannequin/Character/Textures/UE4_LOGO_CARD.uasset" 171
"../../../../../../Users/racar/OneDrive/Documents/GitHub/Sequencer171/Slimy World/Content/Mannequin/Character/Materials/MaterialLayers/ML_Plastic_Shiny_Beige_LOGO.uasset" 172
"../../../../../../Users/racar/OneDrive/Documents/GitHub/Sequencer171/Slimy World/Content/Mannequin/Character/Materials/MaterialLayers/T_ML_Aluminum01.uasset" 173
"../../../../../../Users/racar/OneDrive/Documents/GitHub/Sequencer171/Slimy World/Content/Mannequin/Character/Materials/MaterialLayers/T_ML_Aluminum01_N.uasset" 174
"../../../../../../Users/racar/OneDrive/Documents/GitHub/Sequencer171/Slimy World/Content/Mannequin/Character/Materials/MaterialLayers/ML_SoftMetal_UE4.uasset" 175
"../../../../../../Users/racar/OneDrive/Documents/GitHub/Sequencer171/Slimy World/Content/Mannequin/Character/Textures/UE4_Mannequin__normals.uasset" 176
"../../../../../../Users/racar/OneDrive/Documents/GitHub/Sequencer171/Slimy World/Content/Mannequin/Character/Textures/UE4_Mannequin_MAT_MASKA.uasset" 177
"../../../../../../Users/racar/OneDrive/Documents/GitHub/Sequencer171/Slimy World/Content/Mannequin/Character/Materials/M_UE4Man_Body.uasset" 178
"../../../../../../Users/racar/OneDrive/Documents/GitHub/Sequencer171/Slimy World/Content/Mannequin/Character/Textures/UE4Man_Logo_N.uasset" 179
"../../../../../../Users/racar/OneDrive/Documents/GitHub/Sequencer171/Slimy World/Content/Mannequin/Character/Materials/M_UE4Man_ChestLogo.uasset" 180
"../../../../../../Users/racar/OneDrive/Documents/GitHub/Sequencer171/Slimy World/Content/Mannequin/Character/Mesh/SK_Mannequin_PhysicsAsset.uasset" 181
"../../../../../../Users/racar/OneDrive/Documents/GitHub/Sequencer171/Slimy World/Content/Mannequin/Character/Mesh/SK_Mannequin.uasset" 182
"../../../../../../Users/racar/OneDrive/Documents/GitHub/Sequencer171/Slimy World/Content/ThirdPersonBP/Blueprints/SlimeyAI.uasset" 183
"../../../../../../Users/racar/OneDrive/Documents/GitHub/Sequencer171/Slimy World/Content/ThirdPersonBP/Blueprints/ThirdPersonCharacter.uasset" 184
"../../../../../../Users/racar/OneDrive/Documents/GitHub/Sequencer171/Slimy World/Content/ThirdPersonBP/Blueprints/ThirdPersonGameMode.uasset" 185
"../../../../../../Users/racar/OneDrive/Documents/GitHub/Sequencer171/Slimy World/Content/ThirdPersonBP/Blueprints/AI/JumpSlime.uasset" 186
"../../../../../../Users/racar/OneDrive/Documents/GitHub/Sequencer171/Slimy World/Content/ThirdPersonBP/Blueprints/AI/Slime_Child.uasset" 187
"../../../../../../Users/racar/OneDrive/Documents/GitHub/Sequencer171/Slimy World/Content/ThirdPersonBP/Blueprints/AI/SlimeSpawn.uasset" 188
"../../../../../../Users/racar/OneDrive/Documents/GitHub/Sequencer171/Slimy World/Content/ThirdPersonBP/Blueprints/AI/WeakSlimeSpawn1.uasset" 189
"../../../../../../Users/racar/OneDrive/Documents/GitHub/Sequencer171/Slimy World/Content/ThirdPersonBP/Blueprints/AI2/WeakSlimeSpawn1.uasset" 190
"../../../../../../Users/racar/OneDrive/Documents/GitHub/Sequencer171/Slimy World/Content/Widgets/GameOver1.uasset" 191
"../../../Engine/Content/Animation/DefaultAnimBoneCompressionSettings.uasset" 192
"../../../Engine/Content/Animation/DefaultAnimCurveCompressionSettings.uasset" 193
"../../../Engine/Content/ArtTools/RenderToTexture/Meshes/S_1_Unit_Plane.uasset" 194
"../../../Engine/Content/BasicShapes/Cylinder.uasset" 195
"../../../Engine/Content/BasicShapes/Plane.uasset" 196
"../../../Engine/Content/EditorLandscapeResources/DataLayer.uasset" 197
"../../../Engine/Content/EditorMaterials/MAT_Groups_Toggle.uasset" 198
"../../../Engine/Content/EditorMaterials/MAT_Groups_Visibility.uasset" 199
"../../../Engine/Content/EditorMaterials/PreviewShadowIndicator.uasset" 200
"../../../Engine/Content/EditorMaterials/PreviewShadowIndicatorMaterial.uasset" 201
"../../../Engine/Content/EditorMaterials/MatineeGroups/MAT_ColorTrack.uasset" 202
"../../../Engine/Content/EditorMaterials/MatineeGroups/MAT_Groups_Anim.uasset" 203
"../../../Engine/Content/EditorMaterials/MatineeGroups/MAT_Groups_AudioMaster.uasset" 204
"../../../Engine/Content/EditorMaterials/MatineeGroups/MAT_Groups_Director.uasset" 205
"../../../Engine/Content/EditorMaterials/MatineeGroups/MAT_Groups_Event.uasset" 206
"../../../Engine/Content/EditorMaterials/MatineeGroups/MAT_Groups_Fade.uasset" 207
"../../../Engine/Content/EditorMaterials/MatineeGroups/MAT_Groups_Float.uasset" 208
"../../../Engine/Content/EditorMaterials/MatineeGroups/MAT_Groups_Move.uasset" 209
"../../../Engine/Content/EditorMaterials/MatineeGroups/MAT_Groups_Slomo.uasset" 210
"../../../Engine/Content/EditorMaterials/MatineeGroups/MAT_Groups_Sound.uasset" 211
"../../../Engine/Content/EditorMaterials/MatineeGroups/MAT_Groups_Vector.uasset" 212
"../../../Engine/Content/EditorMaterials/ParticleSystems/PSysThumbnail_NoImage.uasset" 213
"../../../Engine/Content/EditorMaterials/ParticleSystems/PSysThumbnail_OOD.uasset" 214
"../../../Engine/Content/EditorMaterials/Camera/CineMat.uasset" 215
"../../../Engine/Content/EditorMaterials/Camera/MI_CineMat_Rig.uasset" 216
"../../../Engine/Content/EditorMeshes/Camera/SM_CraneRig_Arm.uasset" 217
"../../../Engine/Content/EditorMeshes/Camera/SM_CraneRig_Base.uasset" 218
"../../../Engine/Content/EditorMeshes/Camera/SM_CraneRig_Body.uasset" 219
"../../../Engine/Content/EditorMeshes/Camera/SM_CraneRig_Mount.uasset" 220
"../../../Engine/Content/EditorMeshes/Camera/SM_RailRig_Mount.uasset" 221
"../../../Engine/Content/EditorMeshes/Camera/SM_RailRig_Track.uasset" 222
"../../../Engine/Content/EditorResources/BSPVertex.uasset" 223
"../../../Engine/Content/EditorResources/EmptyActor.uasset" 224
"../../../Engine/Content/EditorResources/S_Actor.uasset" 225
"../../../Engine/Content/EditorResources/S_Note.uasset" 226
"../../../Engine/Content/EditorResources/S_Solver.uasset" 227
"../../../Engine/Content/EditorResources/S_Trigger.uasset" 228
"../../../Engine/Content/EditorResources/AudioIcons/S_AudioComponent.uasset" 229
"../../../Engine/Content/EditorResources/AudioIcons/S_AudioComponent_AutoActivate.uasset" 230
"../../../Engine/Content/EditorResources/LightIcons/S_LightError.uasset" 231
"../../../Engine/Content/EditorResources/SequenceRecorder/Countdown.uasset" 232
"../../../Engine/Content/EditorResources/SequenceRecorder/RecordingIndicator.uasset" 233
"../../../Engine/Content/EditorSounds/Notifications/CompileFailed.uasset" 234
"../../../Engine/Content/EditorSounds/Notifications/CompileFailed_Cue.uasset" 235
"../../../Engine/Content/EditorSounds/Notifications/CompileSuccess.uasset" 236
"../../../Engine/Content/EditorSounds/Notifications/CompileStart_Cue.uasset" 237
"../../../Engine/Content/EditorSounds/Notifications/CompileSuccess_Cue.uasset" 238
"../../../Engine/Content/EngineDamageTypes/DmgTypeBP_Environmental.uasset" 239
"../../../Engine/Content/EngineDebugMaterials/DebugEditorMaterial.uasset" 240
"../../../Engine/Content/EngineDebugMaterials/DebugMeshMaterial.uasset" 241
"../../../Engine/Content/EngineDebugMaterials/M_SimpleUnlitTranslucent.uasset" 242
"../../../Engine/Content/Functions/Engine_MaterialFunctions02/Utility/CameraDirectionVector.uasset" 243
"../../../Engine/Content/EngineDebugMaterials/VolumeToRender.uasset" 244
"../../../Engine/Content/EngineDebugMaterials/M_VolumeRenderSphereTracePP.uasset" 245
"../../../Engine/Content/EngineDebugMaterials/WireframeMaterial.uasset" 246
"../../../Engine/Content/EngineFonts/Faces/DroidSansFallback.uasset" 247
"../../../Engine/Content/EngineFonts/Faces/RobotoBold.uasset" 248
"../../../Engine/Content/EngineFonts/Faces/RobotoBoldItalic.uasset" 249
"../../../Engine/Content/EngineFonts/Faces/RobotoItalic.uasset" 250
"../../../Engine/Content/EngineFonts/Faces/RobotoLight.uasset" 251
"../../../Engine/Content/EngineFonts/Faces/RobotoRegular.uasset" 252
"../../../Engine/Content/EngineFonts/Roboto.uasset" 253
"../../../Engine/Content/EngineMaterials/BaseFlattenDiffuseMap.uasset" 254
"../../../Engine/Content/EngineMaterials/BaseFlattenEmissiveMap.uasset" 255
"../../../Engine/Content/EngineMaterials/BaseFlattenGrayscaleMap.uasset" 256
"../../../Engine/Content/EngineMaterials/BaseFlattenNormalMap.uasset" 257
"../../../Engine/Content/EngineMaterials/BaseFlattenMaterial.uasset" 258
"../../../Engine/Content/EngineMaterials/BlueNoise.uasset" 259
"../../../Engine/Content/EngineMaterials/DefaultBloomKernel.uasset" 260
"../../../Engine/Content/EngineMaterials/DefaultBokeh.uasset" 261
"../../../Engine/Content/EngineMaterials/DefaultDiffuse.uasset" 262
"../../../Engine/Content/EngineMaterials/DefaultDeferredDecalMaterial.uasset" 263
"../../../Engine/Content/EngineMaterials/DefaultLightFunctionMaterial.uasset" 264
"../../../Engine/Content/Functions/Engine_MaterialFunctions02/Utility/BreakOutFloat2Components.uasset" 265
"../../../Engine/Content/EngineMaterials/DefaultPostProcessMaterial.uasset" 266
"../../../Engine/Content/EngineFonts/RobotoDistanceField.uasset" 267
"../../../Engine/Content/EngineMaterials/DefaultTextMaterialOpaque.uasset" 268
"../../../Engine/Content/EngineMaterials/DefaultWhiteGrid.uasset" 269
"../../../Engine/Content/EngineMaterials/DefaultWhiteGrid_Low.uasset" 270
"../../../Engine/Content/EngineMaterials/EmissiveMeshMaterial.uasset" 271
"../../../Engine/Content/EngineMaterials/GizmoMaterial.uasset" 272
"../../../Engine/Content/EngineMaterials/Good64x64TilingNoiseHighFreq.uasset" 273
"../../../Engine/Content/EngineMaterials/MiniFont.uasset" 274
"../../../Engine/Content/EngineMaterials/InvalidLightmapSettings.uasset" 275
"../../../Engine/Content/EngineMaterials/M_InvalidLightmapSettings.uasset" 276
"../../../Engine/Content/Functions/Engine_MaterialFunctions02/WorldPositionOffset/CameraOffset.uasset" 277
"../../../Engine/Content/EngineMaterials/PhAT_JointLimitMaterial.uasset" 278
"../../../Engine/Content/EngineMaterials/PreintegratedSkinBRDF.uasset" 279
"../../../Engine/Content/EngineMaterials/RemoveSurfaceMaterial.uasset" 280
"../../../Engine/Content/EngineMaterials/WeightMapPlaceholderTexture.uasset" 281
"../../../Engine/Content/EngineResources/WhiteSquareTexture.uasset" 282
"../../../Engine/Content/EngineMaterials/Widget3DPassThrough.uasset" 283
"../../../Engine/Content/EngineMaterials/Widget3DPassThrough_Masked.uasset" 284
"../../../Engine/Content/EngineMaterials/Widget3DPassThrough_Opaque.uasset" 285
"../../../Engine/Content/EngineMaterials/Widget3DPassThrough_Masked_OneSided.uasset" 286
"../../../Engine/Content/EngineMaterials/Widget3DPassThrough_Opaque_OneSided.uasset" 287
"../../../Engine/Content/EngineMaterials/Widget3DPassThrough_Translucent.uasset" 288
"../../../Engine/Content/EngineMaterials/Widget3DPassThrough_Translucent_OneSided.uasset" 289
"../../../Engine/Content/EngineMeshes/Cylinder.uasset" 290
"../../../Engine/Content/EngineMeshes/Sphere.uasset" 291
"../../../Engine/Content/EngineResources/Black.uasset" 292
"../../../Engine/Content/EngineResources/DefaultTexture.uasset" 293
"../../../Engine/Content/EngineResources/DefaultTextureCube.uasset" 294
"../../../Engine/Content/EngineResources/DefaultVolumeTexture2D.uasset" 295
"../../../Engine/Content/EngineResources/DefaultVolumeTexture.uasset" 296
"../../../Engine/Content/EngineResources/GradientTexture0.uasset" 297
"../../../Engine/Content/EngineSounds/Master.uasset" 298
"../../../Engine/Content/Functions/Engine_MaterialFunctions01/Shading/ConvertFromDiffSpec.uasset" 299
"../../../Engine/Content/Functions/Engine_MaterialFunctions01/Shading/PowerToRoughness.uasset" 300
"../../../Engine/Content/Maps/Templates/Thumbnails/Default.uasset" 301
"../../../Engine/Content/Maps/Templates/Thumbnails/TimeOfDay.uasset" 302
"../../../Engine/Content/Maps/Templates/Thumbnails/VR-Basic.uasset" 303
"../../../Engine/Content/MobileResources/T_MobileControls_texture.uasset" 304
"../../../Engine/Content/MobileResources/T_MobileMenu2.uasset" 305
"../../../Engine/Content/MobileResources/HUD/AnalogHat.uasset" 306
"../../../Engine/Content/MobileResources/HUD/VirtualJoystick_Background.uasset" 307
"../../../Engine/Content/MobileResources/HUD/VirtualJoystick_Thumb.uasset" 308
"../../../Engine/Content/MobileResources/HUD/DefaultVirtualJoysticks.uasset" 309
"../../../Engine/Content/MobileResources/HUD/LeftVirtualJoystickOnly.uasset" 310
"../../../Engine/Content/MobileResources/HUD/MobileHUDButton1_off.uasset" 311
"../../../Engine/Content/MobileResources/HUD/MobileHUDButton1_on.uasset" 312
"../../../Engine/Content/MobileResources/HUD/MobileHUDButton2_off.uasset" 313
"../../../Engine/Content/MobileResources/HUD/MobileHUDButton2_on.uasset" 314
"../../../Engine/Content/MobileResources/HUD/MobileHUDButton3.uasset" 315
"../../../Engine/Content/MobileResources/HUD/MobileHUDButtonFire.uasset" 316
"../../../Engine/Content/MobileResources/HUD/MobileHUDDirectionPad.uasset" 317
"../../../Engine/Content/MobileResources/HUD/MobileHUDDirectionPad2.uasset" 318
"../../../Engine/Content/MobileResources/HUD/MobileHUDDirectionPad3.uasset" 319
"../../../Engine/Content/MobileResources/HUD/MobileHUDDirectionStick.uasset" 320
"../../../Engine/Content/MobileResources/HUD/T_Castle_ThumbstickInner.uasset" 321
"../../../Engine/Content/MobileResources/HUD/T_Castle_ThumbstickOutter.uasset" 322
"../../../Engine/Content/Tutorial/ContentIntroCurve.uasset" 323
"../../../Engine/Content/Tutorial/Basics/LevelEditorAttract.uasset" 324
"../../../Engine/Content/VREditor/LaserPointer/VR_LaserPower_01.uasset" 325
"../../../Engine/Content/VREditor/TransformGizmo/TransformGizmoMaterial.uasset" 326
"../../../Engine/Content/VREditor/TransformGizmo/TranslucentTransformGizmoMaterial.uasset" 327
"../../../Engine/Content/VREditor/TransformGizmo/BoundingBoxCorner.uasset" 328
"../../../Engine/Content/VREditor/TransformGizmo/BoundingBoxEdge.uasset" 329
"../../../Engine/Content/VREditor/TransformGizmo/PlaneTranslationHandle.uasset" 330
"../../../Engine/Content/VREditor/TransformGizmo/Main.uasset" 331
"../../../Engine/Content/VREditor/TransformGizmo/Xray.uasset" 332
"../../../Engine/Content/VREditor/TransformGizmo/SM_Sequencer_Key.uasset" 333
"../../../Engine/Content/VREditor/TransformGizmo/SM_Sequencer_Node.uasset" 334
"../../Plugins/2D/Paper2D/Content/PlaceholderTextures/DummySpriteTexture.uasset" 335
"../../Plugins/2D/Paper2D/Content/DummySprite.uasset" 336
"../../Plugins/2D/Paper2D/Content/DefaultPaperTerrainMaterial.uasset" 337
"../../Plugins/2D/Paper2D/Content/DefaultSpriteMaterial.uasset" 338
"../../Plugins/2D/Paper2D/Content/MaskedUnlitSpriteMaterial.uasset" 339
"../../Plugins/2D/Paper2D/Content/OpaqueUnlitSpriteMaterial.uasset" 340
"../../Plugins/FX/Niagara/Content/Enums/ENiagaraBooleanLogicOps.uasset" 341
"../../Plugins/FX/Niagara/Content/Enums/ENiagaraCoordinateSpace.uasset" 342
"../../Plugins/FX/Niagara/Content/Enums/ENiagaraExpansionMode.uasset" 343
"../../Plugins/FX/Niagara/Content/Enums/ENiagaraOrientationAxis.uasset" 344
"../../Plugins/FX/Niagara/Content/Enums/ENiagaraRandomnessMode.uasset" 345
"../../../Engine/Content/Functions/Engine_MaterialFunctions02/Utility/BreakOutFloat4Components.uasset" 346
"../../../Engine/Content/Functions/Engine_MaterialFunctions02/Utility/MakeFloat2.uasset" 347
"../../../Engine/Content/Functions/Engine_MaterialFunctions02/Utility/MakeFloat3.uasset" 348
"../../Plugins/Runtime/Oculus/OculusVR/Content/Materials/OculusMR_ChromaKey.uasset" 349
"../../Plugins/Runtime/Oculus/OculusVR/Content/Materials/OculusMR_ChromaKey_Lit.uasset" 350
"../../Plugins/Runtime/Oculus/OculusVR/Content/Materials/OculusMR_OpaqueColoredMaterial.uasset" 351
"../../Plugins/Runtime/Oculus/OculusVR/Content/Materials/OculusMR_WhiteMaterial.uasset" 352
"../../../../../../Users/racar/OneDrive/Documents/GitHub/Sequencer171/Slimy World/Content/ThirdPersonBP/Blueprints/AI/Slime_Child1.uasset" 353
"../../../../../../Users/racar/OneDrive/Documents/GitHub/Sequencer171/Slimy World/Content/ThirdPersonBP/Blueprints/AI/Slime_Child2.uasset" 354
"../../../../../../Users/racar/OneDrive/Documents/GitHub/Sequencer171/Slimy World/Content/ThirdPersonBP/Blueprints/AI/Slime_Child3.uasset" 355
"../../../Engine/Content/EngineSky/C_Sky_Cloud_Color.uasset" 356
"../../../Engine/Content/EngineSky/C_Sky_Horizon_Color.uasset" 357
"../../../Engine/Content/EngineSky/C_Sky_Zenith_Color.uasset" 358
"../../../Engine/Content/EngineSky/T_Sky_Blue.uasset" 359
"../../../Engine/Content/EngineSky/T_Sky_Clouds_M.uasset" 360
"../../../Engine/Content/EngineSky/T_Sky_Stars.uasset" 361
"../../../Engine/Content/EngineSky/M_Sky_Panning_Clouds2.uasset" 362
"../../../Engine/Content/EngineSky/SM_SkySphere.uasset" 363
"../../../Engine/Content/EngineSky/BP_Sky_Sphere.uasset" 364
"../../../../../../Users/racar/OneDrive/Documents/GitHub/Sequencer171/Slimy World/Content/Levels/Challenge_BuiltData.uasset" 365
"../../../../../../Users/racar/OneDrive/Documents/GitHub/Sequencer171/Slimy World/Content/SlimeyMaterials/Green.uasset" 366
"../../../../../../Users/racar/OneDrive/Documents/GitHub/Sequencer171/Slimy World/Content/StarterContent/Textures/T_Brick_Clay_Old_D.uasset" 367
"../../../../../../Users/racar/OneDrive/Documents/GitHub/Sequencer171/Slimy World/Content/StarterContent/Textures/T_Brick_Clay_Old_N.uasset" 368
"../../../../../../Users/racar/OneDrive/Documents/GitHub/Sequencer171/Slimy World/Content/StarterContent/Textures/T_MacroVariation.uasset" 369
"../../../../../../Users/racar/OneDrive/Documents/GitHub/Sequencer171/Slimy World/Content/StarterContent/Textures/T_Perlin_Noise_M.uasset" 370
"../../../../../../Users/racar/OneDrive/Documents/GitHub/Sequencer171/Slimy World/Content/StarterContent/Materials/M_Brick_Clay_Old.uasset" 371
"../../../../../../Users/racar/OneDrive/Documents/GitHub/Sequencer171/Slimy World/Content/Levels/Challenge.umap" 372
"../../../../../../Users/racar/OneDrive/Documents/GitHub/Sequencer171/Slimy World/Content/Plants/Bush.uasset" 373
"../../../../../../Users/racar/OneDrive/Documents/GitHub/Sequencer171/Slimy World/Content/SlimeyMaterials/Brown.uasset" 374
"../../../../../../Users/racar/OneDrive/Documents/GitHub/Sequencer171/Slimy World/Content/StarterContent/Shapes/Shape_Cone.uasset" 375
"../../../../../../Users/racar/OneDrive/Documents/GitHub/Sequencer171/Slimy World/Content/StarterContent/Shapes/Shape_Cylinder.uasset" 376
"../../../../../../Users/racar/OneDrive/Documents/GitHub/Sequencer171/Slimy World/Content/Plants/Tree.uasset" 377
"../../../../../../Users/racar/OneDrive/Documents/GitHub/Sequencer171/Slimy World/Content/ThirdPersonBP/Blueprints/AI2/WeakSlimeSpawn.uasset" 378
"../../../../../../Users/racar/OneDrive/Documents/GitHub/Sequencer171/Slimy World/Content/Levels/Level1_BuiltData.uasset" 379
"../../../Engine/Content/EngineMaterials/DefaultPhysicalMaterial.uasset" 380
"../../../../../../Users/racar/OneDrive/Documents/GitHub/Sequencer171/Slimy World/Content/Sounds/music_zapsplat_game_music_zen_calm_soft_arpeggios_013.uasset" 381
"../../../../../../Users/racar/OneDrive/Documents/GitHub/Sequencer171/Slimy World/Content/Sounds/Music1.uasset" 382
"../../../../../../Users/racar/OneDrive/Documents/GitHub/Sequencer171/Slimy World/Content/Levels/Level1.umap" 383
"../../../../../../Users/racar/OneDrive/Documents/GitHub/Sequencer171/Slimy World/Content/ThirdPersonBP/Blueprints/AI/NothingSlime.uasset" 384
"../../../../../../Users/racar/OneDrive/Documents/GitHub/Sequencer171/Slimy World/Content/ThirdPersonBP/Blueprints/AI/NothingSlime_Child.uasset" 385
"../../../../../../Users/racar/OneDrive/Documents/GitHub/Sequencer171/Slimy World/Content/Levels/MainMenuLevel_BuiltData.uasset" 386
"../../../../../../Users/racar/OneDrive/Documents/GitHub/Sequencer171/Slimy World/Content/Widgets/SelectPlayerMaterial.uasset" 387
"../../../../../../Users/racar/OneDrive/Documents/GitHub/Sequencer171/Slimy World/Content/Widgets/MainMenu.uasset" 388
"../../../../../../Users/racar/OneDrive/Documents/GitHub/Sequencer171/Slimy World/Content/Levels/MainMenuLevel.umap" 389
"../../../../../../Users/racar/OneDrive/Documents/GitHub/Sequencer171/Slimy World/Content/Levels/TestAI_BuiltData.uasset" 390
"../../../../../../Users/racar/OneDrive/Documents/GitHub/Sequencer171/Slimy World/Content/StarterContent/Textures/T_Brick_Clay_New_D.uasset" 391
"../../../../../../Users/racar/OneDrive/Documents/GitHub/Sequencer171/Slimy World/Content/StarterContent/Textures/T_Brick_Clay_New_M.uasset" 392
"../../../../../../Users/racar/OneDrive/Documents/GitHub/Sequencer171/Slimy World/Content/StarterContent/Textures/T_Brick_Clay_New_N.uasset" 393
"../../../../../../Users/racar/OneDrive/Documents/GitHub/Sequencer171/Slimy World/Content/StarterContent/Materials/M_Brick_Clay_New.uasset" 394
"../../../Engine/Content/BasicShapes/Cube.uasset" 395
"../../../../../../Users/racar/OneDrive/Documents/GitHub/Sequencer171/Slimy World/Content/Levels/TestAI.umap" 396
"../../../../../../Users/racar/OneDrive/Documents/GitHub/Sequencer171/Slimy World/Content/Levels/ThirdPersonExampleMap_BuiltData.uasset" 397
"../../../../../../Users/racar/OneDrive/Documents/GitHub/Sequencer171/Slimy World/Content/Levels/ThirdPersonExampleMap.umap" 398
"../../../../../../Users/racar/OneDrive/Documents/GitHub/Sequencer171/Slimy World/Content/StarterContent/Blueprints/Assets/FogBrightnessLUT.uasset" 399
"../../../../../../Users/racar/OneDrive/Documents/GitHub/Sequencer171/Slimy World/Content/StarterContent/Blueprints/Assets/SunlightColorLUT.uasset" 400
"../../../../../../Users/racar/OneDrive/Documents/GitHub/Sequencer171/Slimy World/Content/StarterContent/Blueprints/Assets/M_LightStage_Arrows.uasset" 401
"../../../Engine/Content/MapTemplates/Sky/DaylightAmbientCubemap.uasset" 402
"../../../../../../Users/racar/OneDrive/Documents/GitHub/Sequencer171/Slimy World/Content/StarterContent/Blueprints/Assets/M_LightStage_Skybox_Master.uasset" 403
"../../../../../../Users/racar/OneDrive/Documents/GitHub/Sequencer171/Slimy World/Content/StarterContent/Blueprints/Assets/M_LightStage_Skybox_Black.uasset" 404
"../../../../../../Users/racar/OneDrive/Documents/GitHub/Sequencer171/Slimy World/Content/StarterContent/Blueprints/Assets/M_LightStage_Skybox_HDRI.uasset" 405
"../../../Engine/Content/EditorMaterials/Thumbnails/SkySphereMaterial.uasset" 406
"../../../../../../Users/racar/OneDrive/Documents/GitHub/Sequencer171/Slimy World/Content/StarterContent/Blueprints/Assets/Skybox.uasset" 407
"../../../../../../Users/racar/OneDrive/Documents/GitHub/Sequencer171/Slimy World/Content/StarterContent/Blueprints/Assets/SM_Arrows.uasset" 408
"../../../../../../Users/racar/OneDrive/Documents/GitHub/Sequencer171/Slimy World/Content/StarterContent/HDRI/HDRI_Epic_Courtyard_Daylight.uasset" 409
"../../../../../../Users/racar/OneDrive/Documents/GitHub/Sequencer171/Slimy World/Content/StarterContent/Blueprints/BP_LightStudio.uasset" 410
"../../../../../../Users/racar/OneDrive/Documents/GitHub/Sequencer171/Slimy World/Content/StarterContent/Maps/Advanced_Lighting_BuiltData.uasset" 411
"../../../../../../Users/racar/OneDrive/Documents/GitHub/Sequencer171/Slimy World/Content/StarterContent/Materials/M_AssetPlatform.uasset" 412
"../../../Engine/Content/EditorMeshes/ColorCalibrator/M_ChromeBall.uasset" 413
"../../../Engine/Content/EditorMeshes/ColorCalibrator/M_ClearCoat.uasset" 414
"../../../Engine/Content/EditorMeshes/ColorCalibrator/M_ClearCoatBlack.uasset" 415
"../../../Engine/Content/EditorMeshes/ColorCalibrator/Color_checker.uasset" 416
"../../../Engine/Content/EditorMeshes/ColorCalibrator/M_ColorGrid.uasset" 417
"../../../Engine/Content/EditorMeshes/ColorCalibrator/M_GreyBall.uasset" 418
"../../../Engine/Content/EditorMeshes/ColorCalibrator/SM_ColorCalibrator.uasset" 419
"../../../../../../Users/racar/OneDrive/Documents/GitHub/Sequencer171/Slimy World/Content/StarterContent/Architecture/SM_AssetPlatform.uasset" 420
"../../../../../../Users/racar/OneDrive/Documents/GitHub/Sequencer171/Slimy World/Content/StarterContent/Maps/Advanced_Lighting.umap" 421
"../../../../../../Users/racar/OneDrive/Documents/GitHub/Sequencer171/Slimy World/Content/StarterContent/Maps/Minimal_Default_BuiltData.uasset" 422
"../../../../../../Users/racar/OneDrive/Documents/GitHub/Sequencer171/Slimy World/Content/StarterContent/Materials/M_Metal_Brushed_Nickel.uasset" 423
"../../../../../../Users/racar/OneDrive/Documents/GitHub/Sequencer171/Slimy World/Content/StarterContent/Textures/T_Metal_Aluminum_D.uasset" 424
"../../../../../../Users/racar/OneDrive/Documents/GitHub/Sequencer171/Slimy World/Content/StarterContent/Textures/T_Metal_Gold_N.uasset" 425
"../../../../../../Users/racar/OneDrive/Documents/GitHub/Sequencer171/Slimy World/Content/StarterContent/Materials/M_Metal_Burnished_Steel.uasset" 426
"../../../../../../Users/racar/OneDrive/Documents/GitHub/Sequencer171/Slimy World/Content/StarterContent/Textures/T_Metal_Copper_D.uasset" 427
"../../../../../../Users/racar/OneDrive/Documents/GitHub/Sequencer171/Slimy World/Content/StarterContent/Materials/M_Metal_Copper.uasset" 428
"../../../../../../Users/racar/OneDrive/Documents/GitHub/Sequencer171/Slimy World/Content/StarterContent/Textures/T_Statue_M.uasset" 429
"../../../../../../Users/racar/OneDrive/Documents/GitHub/Sequencer171/Slimy World/Content/StarterContent/Textures/T_Statue_N.uasset" 430
"../../../../../../Users/racar/OneDrive/Documents/GitHub/Sequencer171/Slimy World/Content/StarterContent/Props/Materials/M_StatueGlass.uasset" 431
"../../../../../../Users/racar/OneDrive/Documents/GitHub/Sequencer171/Slimy World/Content/StarterContent/Architecture/Floor_400x400.uasset" 432
"../../../../../../Users/racar/OneDrive/Documents/GitHub/Sequencer171/Slimy World/Content/StarterContent/Audio/Starter_Background_Cue.uasset" 433
"../../../../../../Users/racar/OneDrive/Documents/GitHub/Sequencer171/Slimy World/Content/StarterContent/Props/SM_Chair.uasset" 434
"../../../../../../Users/racar/OneDrive/Documents/GitHub/Sequencer171/Slimy World/Content/StarterContent/Props/Materials/M_Statue.uasset" 435
"../../../../../../Users/racar/OneDrive/Documents/GitHub/Sequencer171/Slimy World/Content/StarterContent/Props/SM_Statue.uasset" 436
"../../../../../../Users/racar/OneDrive/Documents/GitHub/Sequencer171/Slimy World/Content/StarterContent/Textures/T_TableRound_M.uasset" 437
"../../../../../../Users/racar/OneDrive/Documents/GitHub/Sequencer171/Slimy World/Content/StarterContent/Textures/T_TableRound_N.uasset" 438
"../../../../../../Users/racar/OneDrive/Documents/GitHub/Sequencer171/Slimy World/Content/StarterContent/Props/Materials/M_TableRound.uasset" 439
"../../../../../../Users/racar/OneDrive/Documents/GitHub/Sequencer171/Slimy World/Content/StarterContent/Props/SM_TableRound.uasset" 440
"../../../../../../Users/racar/OneDrive/Documents/GitHub/Sequencer171/Slimy World/Content/StarterContent/Maps/Minimal_Default.umap" 441
"../../../../../../Users/racar/OneDrive/Documents/GitHub/Sequencer171/Slimy World/Content/StarterContent/Audio/Fire01_Cue.uasset" 442
"../../../../../../Users/racar/OneDrive/Documents/GitHub/Sequencer171/Slimy World/Content/StarterContent/Textures/T_Fire_SubUV.uasset" 443
"../../../../../../Users/racar/OneDrive/Documents/GitHub/Sequencer171/Slimy World/Content/StarterContent/Textures/T_Fire_Tiled_D.uasset" 444
"../../../../../../Users/racar/OneDrive/Documents/GitHub/Sequencer171/Slimy World/Content/StarterContent/Particles/Materials/M_Fire_SubUV.uasset" 445
"../../../../../../Users/racar/OneDrive/Documents/GitHub/Sequencer171/Slimy World/Content/StarterContent/Textures/T_Water_N.uasset" 446
"../../../../../../Users/racar/OneDrive/Documents/GitHub/Sequencer171/Slimy World/Content/StarterContent/Particles/Materials/M_Heat_Distortion.uasset" 447
"../../../../../../Users/racar/OneDrive/Documents/GitHub/Sequencer171/Slimy World/Content/StarterContent/Particles/Materials/M_Radial_Gradient.uasset" 448
"../../../../../../Users/racar/OneDrive/Documents/GitHub/Sequencer171/Slimy World/Content/StarterContent/Particles/P_Fire.uasset" 449
"../../../../../../Users/racar/OneDrive/Documents/GitHub/Sequencer171/Slimy World/Content/StarterContent/Blueprints/Blueprint_Effect_Fire.uasset" 450
"../../../../../../Users/racar/OneDrive/Documents/GitHub/Sequencer171/Slimy World/Content/StarterContent/Audio/Smoke01_Cue.uasset" 451
"../../../../../../Users/racar/OneDrive/Documents/GitHub/Sequencer171/Slimy World/Content/StarterContent/Particles/P_Smoke.uasset" 452
"../../../../../../Users/racar/OneDrive/Documents/GitHub/Sequencer171/Slimy World/Content/StarterContent/Blueprints/Blueprint_Effect_Smoke.uasset" 453
"../../../../../../Users/racar/OneDrive/Documents/GitHub/Sequencer171/Slimy World/Content/StarterContent/Audio/Fire_Sparks01_Cue.uasset" 454
"../../../../../../Users/racar/OneDrive/Documents/GitHub/Sequencer171/Slimy World/Content/StarterContent/Textures/T_Spark_Core.uasset" 455
"../../../../../../Users/racar/OneDrive/Documents/GitHub/Sequencer171/Slimy World/Content/StarterContent/Particles/Materials/M_Spark.uasset" 456
"../../../../../../Users/racar/OneDrive/Documents/GitHub/Sequencer171/Slimy World/Content/StarterContent/Particles/P_Sparks.uasset" 457
"../../../../../../Users/racar/OneDrive/Documents/GitHub/Sequencer171/Slimy World/Content/StarterContent/Blueprints/Blueprint_Effect_Sparks.uasset" 458
"../../../../../../Users/racar/OneDrive/Documents/GitHub/Sequencer171/Slimy World/Content/StarterContent/Audio/Steam01_Cue.uasset" 459
"../../../../../../Users/racar/OneDrive/Documents/GitHub/Sequencer171/Slimy World/Content/StarterContent/Particles/P_Steam_Lit.uasset" 460
"../../../../../../Users/racar/OneDrive/Documents/GitHub/Sequencer171/Slimy World/Content/StarterContent/Blueprints/Blueprint_Effect_Steam.uasset" 461
"../../../../../../Users/racar/OneDrive/Documents/GitHub/Sequencer171/Slimy World/Content/StarterContent/Textures/T_Lamp_M.uasset" 462
"../../../../../../Users/racar/OneDrive/Documents/GitHub/Sequencer171/Slimy World/Content/StarterContent/Textures/T_Lamp_N.uasset" 463
"../../../../../../Users/racar/OneDrive/Documents/GitHub/Sequencer171/Slimy World/Content/StarterContent/Props/Materials/M_Lamp.uasset" 464
"../../../../../../Users/racar/OneDrive/Documents/GitHub/Sequencer171/Slimy World/Content/StarterContent/Props/SM_Lamp_Ceiling.uasset" 465
"../../../../../../Users/racar/OneDrive/Documents/GitHub/Sequencer171/Slimy World/Content/StarterContent/Blueprints/Blueprint_CeilingLight.uasset" 466
"../../../../../../Users/racar/OneDrive/Documents/GitHub/Sequencer171/Slimy World/Content/StarterContent/Props/SM_Lamp_Wall.uasset" 467
"../../../../../../Users/racar/OneDrive/Documents/GitHub/Sequencer171/Slimy World/Content/StarterContent/Blueprints/Blueprint_WallSconce.uasset" 468
"../../../../../../Users/racar/OneDrive/Documents/GitHub/Sequencer171/Slimy World/Content/StarterContent/Maps/StarterMap_BuiltData.uasset" 469
"../../../Engine/Content/Functions/Engine_MaterialFunctions03/Procedurals/ComputeFilterWidth.uasset" 470
"../../../Engine/Content/EngineMaterials/AntiAliasedTextMaterialTranslucent.uasset" 471
"../../../../../../Users/racar/OneDrive/Documents/GitHub/Sequencer171/Slimy World/Content/StarterContent/Textures/T_Brick_Clay_Beveled_D.uasset" 472
"../../../../../../Users/racar/OneDrive/Documents/GitHub/Sequencer171/Slimy World/Content/StarterContent/Textures/T_Brick_Clay_Beveled_M.uasset" 473
"../../../../../../Users/racar/OneDrive/Documents/GitHub/Sequencer171/Slimy World/Content/StarterContent/Textures/T_Brick_Clay_Beveled_N.uasset" 474
"../../../../../../Users/racar/OneDrive/Documents/GitHub/Sequencer171/Slimy World/Content/StarterContent/Materials/M_Brick_Clay_Beveled.uasset" 475
"../../../../../../Users/racar/OneDrive/Documents/GitHub/Sequencer171/Slimy World/Content/StarterContent/Textures/T_Brick_Cut_Stone_D.uasset" 476
"../../../../../../Users/racar/OneDrive/Documents/GitHub/Sequencer171/Slimy World/Content/StarterContent/Textures/T_Brick_Cut_Stone_N.uasset" 477
"../../../../../../Users/racar/OneDrive/Documents/GitHub/Sequencer171/Slimy World/Content/StarterContent/Materials/M_Brick_Cut_Stone.uasset" 478
"../../../../../../Users/racar/OneDrive/Documents/GitHub/Sequencer171/Slimy World/Content/StarterContent/Textures/T_Brick_Hewn_Stone_D.uasset" 479
"../../../../../../Users/racar/OneDrive/Documents/GitHub/Sequencer171/Slimy World/Content/StarterContent/Textures/T_Brick_Hewn_Stone_M.uasset" 480
"../../../../../../Users/racar/OneDrive/Documents/GitHub/Sequencer171/Slimy World/Content/StarterContent/Textures/T_Brick_Hewn_Stone_N.uasset" 481
"../../../../../../Users/racar/OneDrive/Documents/GitHub/Sequencer171/Slimy World/Content/StarterContent/Materials/M_Brick_Hewn_Stone.uasset" 482
"../../../../../../Users/racar/OneDrive/Documents/GitHub/Sequencer171/Slimy World/Content/StarterContent/Textures/T_Ceramic_Tile_M.uasset" 483
"../../../../../../Users/racar/OneDrive/Documents/GitHub/Sequencer171/Slimy World/Content/StarterContent/Textures/T_Ceramic_Tile_N.uasset" 484
"../../../../../../Users/racar/OneDrive/Documents/GitHub/Sequencer171/Slimy World/Content/StarterContent/Textures/T_Rock_Marble_Polished_D.uasset" 485
"../../../../../../Users/racar/OneDrive/Documents/GitHub/Sequencer171/Slimy World/Content/StarterContent/Materials/M_Ceramic_Tile_Checker.uasset" 486
"../../../../../../Users/racar/OneDrive/Documents/GitHub/Sequencer171/Slimy World/Content/StarterContent/Textures/T_CobbleStone_Pebble_D.uasset" 487
"../../../../../../Users/racar/OneDrive/Documents/GitHub/Sequencer171/Slimy World/Content/StarterContent/Textures/T_CobbleStone_Pebble_M.uasset" 488
"../../../../../../Users/racar/OneDrive/Documents/GitHub/Sequencer171/Slimy World/Content/StarterContent/Textures/T_CobbleStone_Pebble_N.uasset" 489
"../../../../../../Users/racar/OneDrive/Documents/GitHub/Sequencer171/Slimy World/Content/StarterContent/Materials/M_CobbleStone_Pebble.uasset" 490
"../../../../../../Users/racar/OneDrive/Documents/GitHub/Sequencer171/Slimy World/Content/StarterContent/Textures/T_CobbleStone_Rough_D.uasset" 491
"../../../../../../Users/racar/OneDrive/Documents/GitHub/Sequencer171/Slimy World/Content/StarterContent/Textures/T_CobbleStone_Rough_N.uasset" 492
"../../../../../../Users/racar/OneDrive/Documents/GitHub/Sequencer171/Slimy World/Content/StarterContent/Textures/T_Gradinet_01.uasset" 493
"../../../../../../Users/racar/OneDrive/Documents/GitHub/Sequencer171/Slimy World/Content/StarterContent/Textures/T_Rock_Smooth_Granite_D.uasset" 494
"../../../../../../Users/racar/OneDrive/Documents/GitHub/Sequencer171/Slimy World/Content/StarterContent/Materials/M_CobbleStone_Rough.uasset" 495
"../../../../../../Users/racar/OneDrive/Documents/GitHub/Sequencer171/Slimy World/Content/StarterContent/Textures/T_CobbleStone_Smooth_D.uasset" 496
"../../../../../../Users/racar/OneDrive/Documents/GitHub/Sequencer171/Slimy World/Content/StarterContent/Textures/T_CobbleStone_Smooth_M.uasset" 497
"../../../../../../Users/racar/OneDrive/Documents/GitHub/Sequencer171/Slimy World/Content/StarterContent/Textures/T_CobbleStone_Smooth_N.uasset" 498
"../../../../../../Users/racar/OneDrive/Documents/GitHub/Sequencer171/Slimy World/Content/StarterContent/Materials/M_CobbleStone_Smooth.uasset" 499
"../../../../../../Users/racar/OneDrive/Documents/GitHub/Sequencer171/Slimy World/Content/StarterContent/Textures/T_Concrete_Grime_D.uasset" 500
"../../../../../../Users/racar/OneDrive/Documents/GitHub/Sequencer171/Slimy World/Content/StarterContent/Textures/T_Metal_Rust_N.uasset" 501
"../../../../../../Users/racar/OneDrive/Documents/GitHub/Sequencer171/Slimy World/Content/StarterContent/Materials/M_Concrete_Grime.uasset" 502
"../../../../../../Users/racar/OneDrive/Documents/GitHub/Sequencer171/Slimy World/Content/StarterContent/Textures/T_Concrete_Panels_D.uasset" 503
"../../../../../../Users/racar/OneDrive/Documents/GitHub/Sequencer171/Slimy World/Content/StarterContent/Textures/T_Concrete_Panels_N.uasset" 504
"../../../../../../Users/racar/OneDrive/Documents/GitHub/Sequencer171/Slimy World/Content/StarterContent/Materials/M_Concrete_Panels.uasset" 505
"../../../../../../Users/racar/OneDrive/Documents/GitHub/Sequencer171/Slimy World/Content/StarterContent/Textures/T_Concrete_Poured_D.uasset" 506
"../../../../../../Users/racar/OneDrive/Documents/GitHub/Sequencer171/Slimy World/Content/StarterContent/Textures/T_Concrete_Poured_N.uasset" 507
"../../../../../../Users/racar/OneDrive/Documents/GitHub/Sequencer171/Slimy World/Content/StarterContent/Materials/M_Concrete_Poured.uasset" 508
"../../../../../../Users/racar/OneDrive/Documents/GitHub/Sequencer171/Slimy World/Content/StarterContent/Textures/T_Concrete_Tiles_D.uasset" 509
"../../../../../../Users/racar/OneDrive/Documents/GitHub/Sequencer171/Slimy World/Content/StarterContent/Textures/T_Concrete_Tiles_M.uasset" 510
"../../../../../../Users/racar/OneDrive/Documents/GitHub/Sequencer171/Slimy World/Content/StarterContent/Textures/T_Concrete_Tiles_N.uasset" 511
"../../../../../../Users/racar/OneDrive/Documents/GitHub/Sequencer171/Slimy World/Content/StarterContent/Textures/T_Concrete_Tiles_Variation_M.uasset" 512
"../../../../../../Users/racar/OneDrive/Documents/GitHub/Sequencer171/Slimy World/Content/StarterContent/Materials/M_Concrete_Tiles.uasset" 513
"../../../../../../Users/racar/OneDrive/Documents/GitHub/Sequencer171/Slimy World/Content/StarterContent/Textures/T_Ground_Grass_D.uasset" 514
"../../../../../../Users/racar/OneDrive/Documents/GitHub/Sequencer171/Slimy World/Content/StarterContent/Textures/T_Ground_Grass_N.uasset" 515
"../../../../../../Users/racar/OneDrive/Documents/GitHub/Sequencer171/Slimy World/Content/StarterContent/Materials/M_Ground_Grass.uasset" 516
"../../../../../../Users/racar/OneDrive/Documents/GitHub/Sequencer171/Slimy World/Content/StarterContent/Textures/T_Ground_Gravel_D.uasset" 517
"../../../../../../Users/racar/OneDrive/Documents/GitHub/Sequencer171/Slimy World/Content/StarterContent/Textures/T_Ground_Gravel_N.uasset" 518
"../../../../../../Users/racar/OneDrive/Documents/GitHub/Sequencer171/Slimy World/Content/StarterContent/Materials/M_Ground_Gravel.uasset" 519
"../../../../../../Users/racar/OneDrive/Documents/GitHub/Sequencer171/Slimy World/Content/StarterContent/Textures/T_ground_Moss_D.uasset" 520
"../../../../../../Users/racar/OneDrive/Documents/GitHub/Sequencer171/Slimy World/Content/StarterContent/Textures/T_Ground_Moss_N.uasset" 521
"../../../../../../Users/racar/OneDrive/Documents/GitHub/Sequencer171/Slimy World/Content/StarterContent/Materials/M_Ground_Moss.uasset" 522
"../../../../../../Users/racar/OneDrive/Documents/GitHub/Sequencer171/Slimy World/Content/StarterContent/Materials/M_Metal_Chrome.uasset" 523
"../../../../../../Users/racar/OneDrive/Documents/GitHub/Sequencer171/Slimy World/Content/StarterContent/Textures/T_Metal_Gold_D.uasset" 524
"../../../../../../Users/racar/OneDrive/Documents/GitHub/Sequencer171/Slimy World/Content/StarterContent/Materials/M_Metal_Gold.uasset" 525
"../../../../../../Users/racar/OneDrive/Documents/GitHub/Sequencer171/Slimy World/Content/StarterContent/Textures/T_Metal_Rust_D.uasset" 526
"../../../../../../Users/racar/OneDrive/Documents/GitHub/Sequencer171/Slimy World/Content/StarterContent/Materials/M_Metal_Rust.uasset" 527
"../../../../../../Users/racar/OneDrive/Documents/GitHub/Sequencer171/Slimy World/Content/StarterContent/Textures/T_Metal_Steel_D.uasset" 528
"../../../../../../Users/racar/OneDrive/Documents/GitHub/Sequencer171/Slimy World/Content/StarterContent/Textures/T_Metal_Steel_N.uasset" 529
"../../../../../../Users/racar/OneDrive/Documents/GitHub/Sequencer171/Slimy World/Content/StarterContent/Materials/M_Metal_Steel.uasset" 530
"../../../../../../Users/racar/OneDrive/Documents/GitHub/Sequencer171/Slimy World/Content/StarterContent/Textures/T_Rock_Basalt_N.uasset" 531
"../../../../../../Users/racar/OneDrive/Documents/GitHub/Sequencer171/Slimy World/Content/StarterContent/Materials/M_Rock_Basalt.uasset" 532
"../../../../../../Users/racar/OneDrive/Documents/GitHub/Sequencer171/Slimy World/Content/StarterContent/Materials/M_Rock_Marble_Polished.uasset" 533
"../../../../../../Users/racar/OneDrive/Documents/GitHub/Sequencer171/Slimy World/Content/StarterContent/Textures/T_Rock_Sandstone_D.uasset" 534
"../../../../../../Users/racar/OneDrive/Documents/GitHub/Sequencer171/Slimy World/Content/StarterContent/Textures/T_Rock_Sandstone_N.uasset" 535
"../../../../../../Users/racar/OneDrive/Documents/GitHub/Sequencer171/Slimy World/Content/StarterContent/Materials/M_Rock_Sandstone.uasset" 536
"../../../../../../Users/racar/OneDrive/Documents/GitHub/Sequencer171/Slimy World/Content/StarterContent/Textures/T_Rock_Slate_D.uasset" 537
"../../../../../../Users/racar/OneDrive/Documents/GitHub/Sequencer171/Slimy World/Content/StarterContent/Textures/T_Rock_Slate_N.uasset" 538
"../../../../../../Users/racar/OneDrive/Documents/GitHub/Sequencer171/Slimy World/Content/StarterContent/Materials/M_Rock_Slate.uasset" 539
"../../../../../../Users/racar/OneDrive/Documents/GitHub/Sequencer171/Slimy World/Content/StarterContent/Textures/T_Checker_Noise_M.uasset" 540
"../../../../../../Users/racar/OneDrive/Documents/GitHub/Sequencer171/Slimy World/Content/StarterContent/Textures/T_Single_Tile_N.uasset" 541
"../../../../../../Users/racar/OneDrive/Documents/GitHub/Sequencer171/Slimy World/Content/StarterContent/Textures/T_Tech_Dot_M.uasset" 542
"../../../../../../Users/racar/OneDrive/Documents/GitHub/Sequencer171/Slimy World/Content/StarterContent/Textures/T_Tech_Dot_N.uasset" 543
"../../../../../../Users/racar/OneDrive/Documents/GitHub/Sequencer171/Slimy World/Content/StarterContent/Materials/M_Tech_Checker_Dot.uasset" 544
"../../../../../../Users/racar/OneDrive/Documents/GitHub/Sequencer171/Slimy World/Content/StarterContent/Textures/T_Tech_Hex_Tile_M.uasset" 545
"../../../../../../Users/racar/OneDrive/Documents/GitHub/Sequencer171/Slimy World/Content/StarterContent/Textures/T_Tech_Hex_Tile_N.uasset" 546
"../../../../../../Users/racar/OneDrive/Documents/GitHub/Sequencer171/Slimy World/Content/StarterContent/Materials/M_Tech_Hex_Tile.uasset" 547
"../../../../../../Users/racar/OneDrive/Documents/GitHub/Sequencer171/Slimy World/Content/StarterContent/Materials/M_Tech_Hex_Tile_Pulse.uasset" 548
"../../../../../../Users/racar/OneDrive/Documents/GitHub/Sequencer171/Slimy World/Content/StarterContent/Textures/T_Tech_Panel_M.uasset" 549
"../../../../../../Users/racar/OneDrive/Documents/GitHub/Sequencer171/Slimy World/Content/StarterContent/Textures/T_Tech_Panel_N.uasset" 550
"../../../../../../Users/racar/OneDrive/Documents/GitHub/Sequencer171/Slimy World/Content/StarterContent/Materials/M_Tech_Panel.uasset" 551
"../../../../../../Users/racar/OneDrive/Documents/GitHub/Sequencer171/Slimy World/Content/StarterContent/Materials/M_Water_Lake.uasset" 552
"../../../../../../Users/racar/OneDrive/Documents/GitHub/Sequencer171/Slimy World/Content/StarterContent/Textures/T_Water_M.uasset" 553
"../../../../../../Users/racar/OneDrive/Documents/GitHub/Sequencer171/Slimy World/Content/StarterContent/Materials/M_Water_Ocean.uasset" 554
"../../../../../../Users/racar/OneDrive/Documents/GitHub/Sequencer171/Slimy World/Content/StarterContent/Textures/T_Wood_Floor_Walnut_D.uasset" 555
"../../../../../../Users/racar/OneDrive/Documents/GitHub/Sequencer171/Slimy World/Content/StarterContent/Textures/T_Wood_Floor_Walnut_M.uasset" 556
"../../../../../../Users/racar/OneDrive/Documents/GitHub/Sequencer171/Slimy World/Content/StarterContent/Textures/T_Wood_Floor_Walnut_N.uasset" 557
"../../../../../../Users/racar/OneDrive/Documents/GitHub/Sequencer171/Slimy World/Content/StarterContent/Materials/M_Wood_Floor_Walnut_Polished.uasset" 558
"../../../Engine/Content/Functions/Engine_MaterialFunctions01/Opacity/AlphaOffset.uasset" 559
"../../../../../../Users/racar/OneDrive/Documents/GitHub/Sequencer171/Slimy World/Content/StarterContent/Materials/M_Wood_Floor_Walnut_Worn.uasset" 560
"../../../../../../Users/racar/OneDrive/Documents/GitHub/Sequencer171/Slimy World/Content/StarterContent/Textures/T_Wood_Oak_D.uasset" 561
"../../../../../../Users/racar/OneDrive/Documents/GitHub/Sequencer171/Slimy World/Content/StarterContent/Textures/T_Wood_Oak_N.uasset" 562
"../../../../../../Users/racar/OneDrive/Documents/GitHub/Sequencer171/Slimy World/Content/StarterContent/Materials/M_Wood_Oak.uasset" 563
"../../../../../../Users/racar/OneDrive/Documents/GitHub/Sequencer171/Slimy World/Content/StarterContent/Textures/T_Wood_Pine_D.uasset" 564
"../../../../../../Users/racar/OneDrive/Documents/GitHub/Sequencer171/Slimy World/Content/StarterContent/Textures/T_Wood_Pine_N.uasset" 565
"../../../../../../Users/racar/OneDrive/Documents/GitHub/Sequencer171/Slimy World/Content/StarterContent/Materials/M_Wood_Pine.uasset" 566
"../../../../../../Users/racar/OneDrive/Documents/GitHub/Sequencer171/Slimy World/Content/StarterContent/Textures/T_Wood_Walnut_D.uasset" 567
"../../../../../../Users/racar/OneDrive/Documents/GitHub/Sequencer171/Slimy World/Content/StarterContent/Textures/T_Wood_Walnut_N.uasset" 568
"../../../../../../Users/racar/OneDrive/Documents/GitHub/Sequencer171/Slimy World/Content/StarterContent/Materials/M_Wood_Walnut.uasset" 569
"../../../../../../Users/racar/OneDrive/Documents/GitHub/Sequencer171/Slimy World/Content/StarterContent/Architecture/Wall_400x200.uasset" 570
"../../../../../../Users/racar/OneDrive/Documents/GitHub/Sequencer171/Slimy World/Content/StarterContent/Architecture/Wall_Door_400x300.uasset" 571
"../../../../../../Users/racar/OneDrive/Documents/GitHub/Sequencer171/Slimy World/Content/StarterContent/Architecture/Wall_Window_400x300.uasset" 572
"../../../../../../Users/racar/OneDrive/Documents/GitHub/Sequencer171/Slimy World/Content/StarterContent/Audio/Collapse_Cue.uasset" 573
"../../../../../../Users/racar/OneDrive/Documents/GitHub/Sequencer171/Slimy World/Content/StarterContent/Audio/Starter_Music_Cue.uasset" 574
"../../../../../../Users/racar/OneDrive/Documents/GitHub/Sequencer171/Slimy World/Content/StarterContent/Textures/T_Dust_Particle_D.uasset" 575
"../../../../../../Users/racar/OneDrive/Documents/GitHub/Sequencer171/Slimy World/Content/StarterContent/Particles/Materials/M_Dust_Particle.uasset" 576
"../../../../../../Users/racar/OneDrive/Documents/GitHub/Sequencer171/Slimy World/Content/StarterContent/Particles/P_Ambient_Dust.uasset" 577
"../../../../../../Users/racar/OneDrive/Documents/GitHub/Sequencer171/Slimy World/Content/StarterContent/Props/MaterialSphere.uasset" 578
"../../../../../../Users/racar/OneDrive/Documents/GitHub/Sequencer171/Slimy World/Content/StarterContent/Textures/T_Frame_M.uasset" 579
"../../../../../../Users/racar/OneDrive/Documents/GitHub/Sequencer171/Slimy World/Content/StarterContent/Textures/T_Frame_N.uasset" 580
"../../../../../../Users/racar/OneDrive/Documents/GitHub/Sequencer171/Slimy World/Content/StarterContent/Props/Materials/M_Frame.uasset" 581
"../../../../../../Users/racar/OneDrive/Documents/GitHub/Sequencer171/Slimy World/Content/StarterContent/Props/SM_CornerFrame.uasset" 582
"../../../../../../Users/racar/OneDrive/Documents/GitHub/Sequencer171/Slimy World/Content/StarterContent/Props/SM_DoorFrame.uasset" 583
"../../../../../../Users/racar/OneDrive/Documents/GitHub/Sequencer171/Slimy World/Content/StarterContent/Props/SM_GlassWindow.uasset" 584
"../../../../../../Users/racar/OneDrive/Documents/GitHub/Sequencer171/Slimy World/Content/StarterContent/Props/SM_PillarFrame.uasset" 585
"../../../../../../Users/racar/OneDrive/Documents/GitHub/Sequencer171/Slimy World/Content/StarterContent/Props/SM_PillarFrame300.uasset" 586
"../../../../../../Users/racar/OneDrive/Documents/GitHub/Sequencer171/Slimy World/Content/StarterContent/Props/SM_WindowFrame.uasset" 587
"../../../../../../Users/racar/OneDrive/Documents/GitHub/Sequencer171/Slimy World/Content/StarterContent/Shapes/Shape_Cube.uasset" 588
"../../../../../../Users/racar/OneDrive/Documents/GitHub/Sequencer171/Slimy World/Content/StarterContent/Shapes/Shape_QuadPyramid.uasset" 589
"../../../../../../Users/racar/OneDrive/Documents/GitHub/Sequencer171/Slimy World/Content/StarterContent/Shapes/Shape_Sphere.uasset" 590
"../../../../../../Users/racar/OneDrive/Documents/GitHub/Sequencer171/Slimy World/Content/StarterContent/Maps/StarterMap.umap" 591
"../../../Engine/Content/Maps/Entry_BuiltData.uasset" 592
"../../../Engine/Content/Maps/Entry.umap" 593
